[0.278s] DEBUG:colcon:Command line arguments: ['/usr/bin/colcon', 'build']
[0.278s] DEBUG:colcon:Parsed command line arguments: Namespace(log_base=None, log_level=None, verb_name='build', build_base='build', install_base='install', merge_install=False, symlink_install=False, test_result_base=None, continue_on_error=False, executor='parallel', parallel_workers=8, event_handlers=None, ignore_user_meta=False, metas=['./colcon.meta'], base_paths=['.'], packages_ignore=None, packages_ignore_regex=None, paths=None, packages_up_to=None, packages_up_to_regex=None, packages_above=None, packages_above_and_dependencies=None, packages_above_depth=None, packages_select_by_dep=None, packages_skip_by_dep=None, packages_skip_up_to=None, packages_select_build_failed=False, packages_skip_build_finished=False, packages_select_test_failures=False, packages_skip_test_passed=False, packages_select=None, packages_skip=None, packages_select_regex=None, packages_skip_regex=None, packages_start=None, packages_end=None, allow_overriding=[], cmake_args=None, cmake_target=None, cmake_target_skip_unavailable=False, cmake_clean_cache=False, cmake_clean_first=False, cmake_force_configure=False, ament_cmake_args=None, catkin_cmake_args=None, catkin_skip_building_tests=False, mixin_files=None, mixin=None, verb_parser=<colcon_mixin.mixin.mixin_argument.MixinArgumentDecorator object at 0x7ffa7ad0e290>, verb_extension=<colcon_core.verb.build.BuildVerb object at 0x7ffa7ad0da20>, main=<bound method BuildVerb.main of <colcon_core.verb.build.BuildVerb object at 0x7ffa7ad0da20>>, mixin_verb=('build',))
[0.545s] Level 1:colcon.colcon_core.package_discovery:discover_packages(colcon_meta) check parameters
[0.546s] Level 1:colcon.colcon_core.package_discovery:discover_packages(recursive) check parameters
[0.546s] Level 1:colcon.colcon_core.package_discovery:discover_packages(ignore) check parameters
[0.546s] Level 1:colcon.colcon_core.package_discovery:discover_packages(path) check parameters
[0.546s] Level 1:colcon.colcon_core.package_discovery:discover_packages(colcon_meta) discover
[0.546s] Level 1:colcon.colcon_core.package_discovery:discover_packages(recursive) discover
[0.546s] INFO:colcon.colcon_core.package_discovery:Crawling recursively for packages in '/home/astro/IGVC-Pushed'
[0.546s] Level 1:colcon.colcon_core.package_identification:_identify(.) by extensions ['ignore', 'ignore_ament_install']
[0.546s] Level 1:colcon.colcon_core.package_identification:_identify(.) by extension 'ignore'
[0.547s] Level 1:colcon.colcon_core.package_identification:_identify(.) by extension 'ignore_ament_install'
[0.547s] Level 1:colcon.colcon_core.package_identification:_identify(.) by extensions ['colcon_pkg']
[0.547s] Level 1:colcon.colcon_core.package_identification:_identify(.) by extension 'colcon_pkg'
[0.547s] Level 1:colcon.colcon_core.package_identification:_identify(.) by extensions ['colcon_meta']
[0.547s] Level 1:colcon.colcon_core.package_identification:_identify(.) by extension 'colcon_meta'
[0.547s] Level 1:colcon.colcon_core.package_identification:_identify(.) by extensions ['ros']
[0.547s] Level 1:colcon.colcon_core.package_identification:_identify(.) by extension 'ros'
[0.566s] Level 1:colcon.colcon_core.package_identification:_identify(.) by extensions ['cmake', 'python']
[0.567s] Level 1:colcon.colcon_core.package_identification:_identify(.) by extension 'cmake'
[0.567s] Level 1:colcon.colcon_core.package_identification:_identify(.) by extension 'python'
[0.567s] Level 1:colcon.colcon_core.package_identification:_identify(.) by extensions ['python_setup_py']
[0.567s] Level 1:colcon.colcon_core.package_identification:_identify(.) by extension 'python_setup_py'
[0.567s] Level 1:colcon.colcon_core.package_identification:_identify(build) by extensions ['ignore', 'ignore_ament_install']
[0.567s] Level 1:colcon.colcon_core.package_identification:_identify(build) by extension 'ignore'
[0.567s] Level 1:colcon.colcon_core.package_identification:_identify(build) ignored
[0.568s] Level 1:colcon.colcon_core.package_identification:_identify(install) by extensions ['ignore', 'ignore_ament_install']
[0.568s] Level 1:colcon.colcon_core.package_identification:_identify(install) by extension 'ignore'
[0.568s] Level 1:colcon.colcon_core.package_identification:_identify(install) ignored
[0.568s] Level 1:colcon.colcon_core.package_identification:_identify(log) by extensions ['ignore', 'ignore_ament_install']
[0.568s] Level 1:colcon.colcon_core.package_identification:_identify(log) by extension 'ignore'
[0.568s] Level 1:colcon.colcon_core.package_identification:_identify(log) ignored
[0.569s] Level 1:colcon.colcon_core.package_identification:_identify(src) by extensions ['ignore', 'ignore_ament_install']
[0.569s] Level 1:colcon.colcon_core.package_identification:_identify(src) by extension 'ignore'
[0.569s] Level 1:colcon.colcon_core.package_identification:_identify(src) by extension 'ignore_ament_install'
[0.569s] Level 1:colcon.colcon_core.package_identification:_identify(src) by extensions ['colcon_pkg']
[0.569s] Level 1:colcon.colcon_core.package_identification:_identify(src) by extension 'colcon_pkg'
[0.569s] Level 1:colcon.colcon_core.package_identification:_identify(src) by extensions ['colcon_meta']
[0.569s] Level 1:colcon.colcon_core.package_identification:_identify(src) by extension 'colcon_meta'
[0.569s] Level 1:colcon.colcon_core.package_identification:_identify(src) by extensions ['ros']
[0.569s] Level 1:colcon.colcon_core.package_identification:_identify(src) by extension 'ros'
[0.570s] Level 1:colcon.colcon_core.package_identification:_identify(src) by extensions ['cmake', 'python']
[0.570s] Level 1:colcon.colcon_core.package_identification:_identify(src) by extension 'cmake'
[0.570s] Level 1:colcon.colcon_core.package_identification:_identify(src) by extension 'python'
[0.570s] Level 1:colcon.colcon_core.package_identification:_identify(src) by extensions ['python_setup_py']
[0.570s] Level 1:colcon.colcon_core.package_identification:_identify(src) by extension 'python_setup_py'
[0.570s] Level 1:colcon.colcon_core.package_identification:_identify(src/Turtle_Teleport) by extensions ['ignore', 'ignore_ament_install']
[0.570s] Level 1:colcon.colcon_core.package_identification:_identify(src/Turtle_Teleport) by extension 'ignore'
[0.570s] Level 1:colcon.colcon_core.package_identification:_identify(src/Turtle_Teleport) by extension 'ignore_ament_install'
[0.570s] Level 1:colcon.colcon_core.package_identification:_identify(src/Turtle_Teleport) by extensions ['colcon_pkg']
[0.571s] Level 1:colcon.colcon_core.package_identification:_identify(src/Turtle_Teleport) by extension 'colcon_pkg'
[0.571s] Level 1:colcon.colcon_core.package_identification:_identify(src/Turtle_Teleport) by extensions ['colcon_meta']
[0.571s] Level 1:colcon.colcon_core.package_identification:_identify(src/Turtle_Teleport) by extension 'colcon_meta'
[0.571s] Level 1:colcon.colcon_core.package_identification:_identify(src/Turtle_Teleport) by extensions ['ros']
[0.571s] Level 1:colcon.colcon_core.package_identification:_identify(src/Turtle_Teleport) by extension 'ros'
[0.576s] DEBUG:colcon.colcon_core.package_identification:Package 'src/Turtle_Teleport' with type 'ros.ament_python' and name 'Turtle_Teleport'
[0.576s] Level 1:colcon.colcon_core.package_identification:_identify(src/Turtle_circle) by extensions ['ignore', 'ignore_ament_install']
[0.576s] Level 1:colcon.colcon_core.package_identification:_identify(src/Turtle_circle) by extension 'ignore'
[0.577s] Level 1:colcon.colcon_core.package_identification:_identify(src/Turtle_circle) by extension 'ignore_ament_install'
[0.577s] Level 1:colcon.colcon_core.package_identification:_identify(src/Turtle_circle) by extensions ['colcon_pkg']
[0.577s] Level 1:colcon.colcon_core.package_identification:_identify(src/Turtle_circle) by extension 'colcon_pkg'
[0.577s] Level 1:colcon.colcon_core.package_identification:_identify(src/Turtle_circle) by extensions ['colcon_meta']
[0.577s] Level 1:colcon.colcon_core.package_identification:_identify(src/Turtle_circle) by extension 'colcon_meta'
[0.577s] Level 1:colcon.colcon_core.package_identification:_identify(src/Turtle_circle) by extensions ['ros']
[0.577s] Level 1:colcon.colcon_core.package_identification:_identify(src/Turtle_circle) by extension 'ros'
[0.578s] DEBUG:colcon.colcon_core.package_identification:Package 'src/Turtle_circle' with type 'ros.ament_python' and name 'Turtle_circle'
[0.579s] Level 1:colcon.colcon_core.package_discovery:discover_packages(recursive) using defaults
[0.579s] Level 1:colcon.colcon_core.package_discovery:discover_packages(ignore) discover
[0.579s] Level 1:colcon.colcon_core.package_discovery:discover_packages(ignore) using defaults
[0.579s] Level 1:colcon.colcon_core.package_discovery:discover_packages(path) discover
[0.579s] Level 1:colcon.colcon_core.package_discovery:discover_packages(path) using defaults
[0.642s] Level 1:colcon.colcon_core.package_discovery:discover_packages(prefix_path) check parameters
[0.642s] Level 1:colcon.colcon_core.package_discovery:discover_packages(prefix_path) discover
[0.643s] WARNING:colcon.colcon_core.prefix_path.colcon:The path '/home/astro/IGVC-Pushed/src/install' in the environment variable COLCON_PREFIX_PATH doesn't exist
[0.644s] WARNING:colcon.colcon_ros.prefix_path.ament:The path '/home/astro/IGVC-Pushed/src/install/Turtle_circle' in the environment variable AMENT_PREFIX_PATH doesn't exist
[0.644s] WARNING:colcon.colcon_ros.prefix_path.ament:The path '/home/astro/IGVC-Pushed/src/install/Turtle_Teleport' in the environment variable AMENT_PREFIX_PATH doesn't exist
[0.646s] DEBUG:colcon.colcon_installed_package_information.package_discovery:Found 2 installed packages in /home/astro/IGVC-Pushed/install
[0.648s] DEBUG:colcon.colcon_installed_package_information.package_discovery:Found 271 installed packages in /opt/ros/humble
[0.653s] Level 1:colcon.colcon_core.package_discovery:discover_packages(prefix_path) using defaults
[0.708s] Level 5:colcon.colcon_core.verb:set package 'Turtle_Teleport' build argument 'cmake_args' from command line to 'None'
[0.708s] Level 5:colcon.colcon_core.verb:set package 'Turtle_Teleport' build argument 'cmake_target' from command line to 'None'
[0.708s] Level 5:colcon.colcon_core.verb:set package 'Turtle_Teleport' build argument 'cmake_target_skip_unavailable' from command line to 'False'
[0.708s] Level 5:colcon.colcon_core.verb:set package 'Turtle_Teleport' build argument 'cmake_clean_cache' from command line to 'False'
[0.708s] Level 5:colcon.colcon_core.verb:set package 'Turtle_Teleport' build argument 'cmake_clean_first' from command line to 'False'
[0.708s] Level 5:colcon.colcon_core.verb:set package 'Turtle_Teleport' build argument 'cmake_force_configure' from command line to 'False'
[0.708s] Level 5:colcon.colcon_core.verb:set package 'Turtle_Teleport' build argument 'ament_cmake_args' from command line to 'None'
[0.708s] Level 5:colcon.colcon_core.verb:set package 'Turtle_Teleport' build argument 'catkin_cmake_args' from command line to 'None'
[0.708s] Level 5:colcon.colcon_core.verb:set package 'Turtle_Teleport' build argument 'catkin_skip_building_tests' from command line to 'False'
[0.708s] DEBUG:colcon.colcon_core.verb:Building package 'Turtle_Teleport' with the following arguments: {'ament_cmake_args': None, 'build_base': '/home/astro/IGVC-Pushed/build/Turtle_Teleport', 'catkin_cmake_args': None, 'catkin_skip_building_tests': False, 'cmake_args': None, 'cmake_clean_cache': False, 'cmake_clean_first': False, 'cmake_force_configure': False, 'cmake_target': None, 'cmake_target_skip_unavailable': False, 'install_base': '/home/astro/IGVC-Pushed/install/Turtle_Teleport', 'merge_install': False, 'path': '/home/astro/IGVC-Pushed/src/Turtle_Teleport', 'symlink_install': False, 'test_result_base': None}
[0.709s] Level 5:colcon.colcon_core.verb:set package 'Turtle_circle' build argument 'cmake_args' from command line to 'None'
[0.709s] Level 5:colcon.colcon_core.verb:set package 'Turtle_circle' build argument 'cmake_target' from command line to 'None'
[0.709s] Level 5:colcon.colcon_core.verb:set package 'Turtle_circle' build argument 'cmake_target_skip_unavailable' from command line to 'False'
[0.709s] Level 5:colcon.colcon_core.verb:set package 'Turtle_circle' build argument 'cmake_clean_cache' from command line to 'False'
[0.709s] Level 5:colcon.colcon_core.verb:set package 'Turtle_circle' build argument 'cmake_clean_first' from command line to 'False'
[0.709s] Level 5:colcon.colcon_core.verb:set package 'Turtle_circle' build argument 'cmake_force_configure' from command line to 'False'
[0.709s] Level 5:colcon.colcon_core.verb:set package 'Turtle_circle' build argument 'ament_cmake_args' from command line to 'None'
[0.709s] Level 5:colcon.colcon_core.verb:set package 'Turtle_circle' build argument 'catkin_cmake_args' from command line to 'None'
[0.709s] Level 5:colcon.colcon_core.verb:set package 'Turtle_circle' build argument 'catkin_skip_building_tests' from command line to 'False'
[0.709s] DEBUG:colcon.colcon_core.verb:Building package 'Turtle_circle' with the following arguments: {'ament_cmake_args': None, 'build_base': '/home/astro/IGVC-Pushed/build/Turtle_circle', 'catkin_cmake_args': None, 'catkin_skip_building_tests': False, 'cmake_args': None, 'cmake_clean_cache': False, 'cmake_clean_first': False, 'cmake_force_configure': False, 'cmake_target': None, 'cmake_target_skip_unavailable': False, 'install_base': '/home/astro/IGVC-Pushed/install/Turtle_circle', 'merge_install': False, 'path': '/home/astro/IGVC-Pushed/src/Turtle_circle', 'symlink_install': False, 'test_result_base': None}
[0.710s] INFO:colcon.colcon_core.executor:Executing jobs using 'parallel' executor
[0.713s] DEBUG:colcon.colcon_parallel_executor.executor.parallel:run_until_complete
[0.714s] INFO:colcon.colcon_ros.task.ament_python.build:Building ROS package in '/home/astro/IGVC-Pushed/src/Turtle_Teleport' with build type 'ament_python'
[0.715s] Level 1:colcon.colcon_core.shell:create_environment_hook('Turtle_Teleport', 'ament_prefix_path')
[0.718s] INFO:colcon.colcon_core.plugin_system:Skipping extension 'colcon_core.shell.bat': Not used on non-Windows systems
[0.718s] INFO:colcon.colcon_core.shell:Creating environment hook '/home/astro/IGVC-Pushed/install/Turtle_Teleport/share/Turtle_Teleport/hook/ament_prefix_path.ps1'
[0.719s] INFO:colcon.colcon_core.shell:Creating environment descriptor '/home/astro/IGVC-Pushed/install/Turtle_Teleport/share/Turtle_Teleport/hook/ament_prefix_path.dsv'
[0.720s] INFO:colcon.colcon_core.shell:Creating environment hook '/home/astro/IGVC-Pushed/install/Turtle_Teleport/share/Turtle_Teleport/hook/ament_prefix_path.sh'
[0.722s] INFO:colcon.colcon_core.shell:Skip shell extension 'powershell' for command environment: Not usable outside of PowerShell
[0.722s] DEBUG:colcon.colcon_core.shell:Skip shell extension 'dsv' for command environment
[0.727s] INFO:colcon.colcon_ros.task.ament_python.build:Building ROS package in '/home/astro/IGVC-Pushed/src/Turtle_circle' with build type 'ament_python'
[0.728s] Level 1:colcon.colcon_core.shell:create_environment_hook('Turtle_circle', 'ament_prefix_path')
[0.729s] INFO:colcon.colcon_core.shell:Creating environment hook '/home/astro/IGVC-Pushed/install/Turtle_circle/share/Turtle_circle/hook/ament_prefix_path.ps1'
[0.731s] INFO:colcon.colcon_core.shell:Creating environment descriptor '/home/astro/IGVC-Pushed/install/Turtle_circle/share/Turtle_circle/hook/ament_prefix_path.dsv'
[0.733s] INFO:colcon.colcon_core.shell:Creating environment hook '/home/astro/IGVC-Pushed/install/Turtle_circle/share/Turtle_circle/hook/ament_prefix_path.sh'
[0.735s] INFO:colcon.colcon_core.shell:Skip shell extension 'powershell' for command environment: Not usable outside of PowerShell
[0.735s] DEBUG:colcon.colcon_core.shell:Skip shell extension 'dsv' for command environment
[1.191s] INFO:colcon.colcon_core.task.python.build:Building Python package in '/home/astro/IGVC-Pushed/src/Turtle_Teleport'
[1.191s] INFO:colcon.colcon_core.shell:Skip shell extension 'powershell' for command environment: Not usable outside of PowerShell
[1.192s] DEBUG:colcon.colcon_core.shell:Skip shell extension 'dsv' for command environment
[1.596s] INFO:colcon.colcon_core.task.python.build:Building Python package in '/home/astro/IGVC-Pushed/src/Turtle_circle'
[1.597s] INFO:colcon.colcon_core.shell:Skip shell extension 'powershell' for command environment: Not usable outside of PowerShell
[1.597s] DEBUG:colcon.colcon_core.shell:Skip shell extension 'dsv' for command environment
[2.201s] DEBUG:colcon.colcon_core.event_handler.log_command:Invoking command in '/home/astro/IGVC-Pushed/src/Turtle_Teleport': PYTHONPATH=/home/astro/IGVC-Pushed/build/Turtle_Teleport/prefix_override:/usr/lib/python3/dist-packages/colcon_core/task/python/colcon_distutils_commands:/home/astro/IGVC-Pushed/install/Turtle_Teleport/lib/python3.10/site-packages:${PYTHONPATH} /usr/bin/python3 -W ignore:setup.py install is deprecated -W ignore:easy_install command is deprecated setup.py egg_info --egg-base ../../build/Turtle_Teleport build --build-base /home/astro/IGVC-Pushed/build/Turtle_Teleport/build install --record /home/astro/IGVC-Pushed/build/Turtle_Teleport/install.log --single-version-externally-managed install_data
[2.217s] DEBUG:colcon.colcon_core.event_handler.log_command:Invoking command in '/home/astro/IGVC-Pushed/src/Turtle_circle': PYTHONPATH=/home/astro/IGVC-Pushed/build/Turtle_circle/prefix_override:/usr/lib/python3/dist-packages/colcon_core/task/python/colcon_distutils_commands:/home/astro/IGVC-Pushed/install/Turtle_circle/lib/python3.10/site-packages:${PYTHONPATH} /usr/bin/python3 -W ignore:setup.py install is deprecated -W ignore:easy_install command is deprecated setup.py egg_info --egg-base ../../build/Turtle_circle build --build-base /home/astro/IGVC-Pushed/build/Turtle_circle/build install --record /home/astro/IGVC-Pushed/build/Turtle_circle/install.log --single-version-externally-managed install_data
[2.782s] DEBUG:colcon.colcon_core.event_handler.log_command:Invoked command in '/home/astro/IGVC-Pushed/src/Turtle_circle' returned '0': PYTHONPATH=/home/astro/IGVC-Pushed/build/Turtle_circle/prefix_override:/usr/lib/python3/dist-packages/colcon_core/task/python/colcon_distutils_commands:/home/astro/IGVC-Pushed/install/Turtle_circle/lib/python3.10/site-packages:${PYTHONPATH} /usr/bin/python3 -W ignore:setup.py install is deprecated -W ignore:easy_install command is deprecated setup.py egg_info --egg-base ../../build/Turtle_circle build --build-base /home/astro/IGVC-Pushed/build/Turtle_circle/build install --record /home/astro/IGVC-Pushed/build/Turtle_circle/install.log --single-version-externally-managed install_data
[2.786s] Level 1:colcon.colcon_core.environment:checking '/home/astro/IGVC-Pushed/install/Turtle_circle' for CMake module files
[2.787s] Level 1:colcon.colcon_core.environment:checking '/home/astro/IGVC-Pushed/install/Turtle_circle' for CMake config files
[2.788s] Level 1:colcon.colcon_core.environment:checking '/home/astro/IGVC-Pushed/install/Turtle_circle/lib'
[2.788s] Level 1:colcon.colcon_core.environment:checking '/home/astro/IGVC-Pushed/install/Turtle_circle/bin'
[2.789s] Level 1:colcon.colcon_core.environment:checking '/home/astro/IGVC-Pushed/install/Turtle_circle/lib/pkgconfig/Turtle_circle.pc'
[2.789s] Level 1:colcon.colcon_core.environment:checking '/home/astro/IGVC-Pushed/install/Turtle_circle/lib/python3.10/site-packages'
[2.789s] Level 1:colcon.colcon_core.shell:create_environment_hook('Turtle_circle', 'pythonpath')
[2.790s] INFO:colcon.colcon_core.shell:Creating environment hook '/home/astro/IGVC-Pushed/install/Turtle_circle/share/Turtle_circle/hook/pythonpath.ps1'
[2.790s] INFO:colcon.colcon_core.shell:Creating environment descriptor '/home/astro/IGVC-Pushed/install/Turtle_circle/share/Turtle_circle/hook/pythonpath.dsv'
[2.791s] INFO:colcon.colcon_core.shell:Creating environment hook '/home/astro/IGVC-Pushed/install/Turtle_circle/share/Turtle_circle/hook/pythonpath.sh'
[2.792s] Level 1:colcon.colcon_core.environment:checking '/home/astro/IGVC-Pushed/install/Turtle_circle/bin'
[2.793s] Level 1:colcon.colcon_core.environment:create_environment_scripts_only(Turtle_circle)
[2.794s] INFO:colcon.colcon_core.shell:Creating package script '/home/astro/IGVC-Pushed/install/Turtle_circle/share/Turtle_circle/package.ps1'
[2.795s] INFO:colcon.colcon_core.shell:Creating package descriptor '/home/astro/IGVC-Pushed/install/Turtle_circle/share/Turtle_circle/package.dsv'
[2.796s] INFO:colcon.colcon_core.shell:Creating package script '/home/astro/IGVC-Pushed/install/Turtle_circle/share/Turtle_circle/package.sh'
[2.798s] INFO:colcon.colcon_core.shell:Creating package script '/home/astro/IGVC-Pushed/install/Turtle_circle/share/Turtle_circle/package.bash'
[2.799s] INFO:colcon.colcon_core.shell:Creating package script '/home/astro/IGVC-Pushed/install/Turtle_circle/share/Turtle_circle/package.zsh'
[2.800s] Level 1:colcon.colcon_core.environment:create_file_with_runtime_dependencies(/home/astro/IGVC-Pushed/install/Turtle_circle/share/colcon-core/packages/Turtle_circle)
[2.803s] Level 1:colcon.colcon_core.environment:checking '/home/astro/IGVC-Pushed/install/Turtle_Teleport' for CMake module files
[2.805s] DEBUG:colcon.colcon_core.event_handler.log_command:Invoked command in '/home/astro/IGVC-Pushed/src/Turtle_Teleport' returned '0': PYTHONPATH=/home/astro/IGVC-Pushed/build/Turtle_Teleport/prefix_override:/usr/lib/python3/dist-packages/colcon_core/task/python/colcon_distutils_commands:/home/astro/IGVC-Pushed/install/Turtle_Teleport/lib/python3.10/site-packages:${PYTHONPATH} /usr/bin/python3 -W ignore:setup.py install is deprecated -W ignore:easy_install command is deprecated setup.py egg_info --egg-base ../../build/Turtle_Teleport build --build-base /home/astro/IGVC-Pushed/build/Turtle_Teleport/build install --record /home/astro/IGVC-Pushed/build/Turtle_Teleport/install.log --single-version-externally-managed install_data
[2.806s] Level 1:colcon.colcon_core.environment:checking '/home/astro/IGVC-Pushed/install/Turtle_Teleport' for CMake config files
[2.806s] Level 1:colcon.colcon_core.environment:checking '/home/astro/IGVC-Pushed/install/Turtle_Teleport/lib'
[2.806s] Level 1:colcon.colcon_core.environment:checking '/home/astro/IGVC-Pushed/install/Turtle_Teleport/bin'
[2.807s] Level 1:colcon.colcon_core.environment:checking '/home/astro/IGVC-Pushed/install/Turtle_Teleport/lib/pkgconfig/Turtle_Teleport.pc'
[2.807s] Level 1:colcon.colcon_core.environment:checking '/home/astro/IGVC-Pushed/install/Turtle_Teleport/lib/python3.10/site-packages'
[2.807s] Level 1:colcon.colcon_core.shell:create_environment_hook('Turtle_Teleport', 'pythonpath')
[2.807s] INFO:colcon.colcon_core.shell:Creating environment hook '/home/astro/IGVC-Pushed/install/Turtle_Teleport/share/Turtle_Teleport/hook/pythonpath.ps1'
[2.808s] INFO:colcon.colcon_core.shell:Creating environment descriptor '/home/astro/IGVC-Pushed/install/Turtle_Teleport/share/Turtle_Teleport/hook/pythonpath.dsv'
[2.809s] INFO:colcon.colcon_core.shell:Creating environment hook '/home/astro/IGVC-Pushed/install/Turtle_Teleport/share/Turtle_Teleport/hook/pythonpath.sh'
[2.810s] Level 1:colcon.colcon_core.environment:checking '/home/astro/IGVC-Pushed/install/Turtle_Teleport/bin'
[2.811s] Level 1:colcon.colcon_core.environment:create_environment_scripts_only(Turtle_Teleport)
[2.811s] INFO:colcon.colcon_core.shell:Creating package script '/home/astro/IGVC-Pushed/install/Turtle_Teleport/share/Turtle_Teleport/package.ps1'
[2.812s] INFO:colcon.colcon_core.shell:Creating package descriptor '/home/astro/IGVC-Pushed/install/Turtle_Teleport/share/Turtle_Teleport/package.dsv'
[2.813s] INFO:colcon.colcon_core.shell:Creating package script '/home/astro/IGVC-Pushed/install/Turtle_Teleport/share/Turtle_Teleport/package.sh'
[2.815s] INFO:colcon.colcon_core.shell:Creating package script '/home/astro/IGVC-Pushed/install/Turtle_Teleport/share/Turtle_Teleport/package.bash'
[2.816s] INFO:colcon.colcon_core.shell:Creating package script '/home/astro/IGVC-Pushed/install/Turtle_Teleport/share/Turtle_Teleport/package.zsh'
[2.817s] Level 1:colcon.colcon_core.environment:create_file_with_runtime_dependencies(/home/astro/IGVC-Pushed/install/Turtle_Teleport/share/colcon-core/packages/Turtle_Teleport)
[2.817s] DEBUG:colcon.colcon_parallel_executor.executor.parallel:closing loop
[2.818s] DEBUG:colcon.colcon_parallel_executor.executor.parallel:loop closed
[2.819s] DEBUG:colcon.colcon_parallel_executor.executor.parallel:run_until_complete finished with '0'
[2.820s] DEBUG:colcon.colcon_core.event_reactor:joining thread
[2.902s] INFO:colcon.colcon_core.plugin_system:Skipping extension 'colcon_notification.desktop_notification.notify_send': Could not find 'notify-send'
[2.902s] INFO:colcon.colcon_core.plugin_system:Skipping extension 'colcon_notification.desktop_notification.terminal_notifier': Not used on non-Darwin systems
[2.902s] INFO:colcon.colcon_core.plugin_system:Skipping extension 'colcon_notification.desktop_notification.win32': Not used on non-Windows systems
[2.903s] INFO:colcon.colcon_notification.desktop_notification:Sending desktop notification using 'notify2'
[2.903s] DEBUG:colcon.colcon_notification.desktop_notification.notify2:Failed to initialize notify2: org.freedesktop.DBus.Error.FileNotFound: Failed to connect to socket /run/user/1000/bus: No such file or directory
[2.903s] DEBUG:colcon.colcon_core.event_reactor:joined thread
[2.903s] INFO:colcon.colcon_core.shell:Creating prefix script '/home/astro/IGVC-Pushed/install/local_setup.ps1'
[2.905s] INFO:colcon.colcon_core.shell:Creating prefix util module '/home/astro/IGVC-Pushed/install/_local_setup_util_ps1.py'
[2.907s] INFO:colcon.colcon_core.shell:Creating prefix chain script '/home/astro/IGVC-Pushed/install/setup.ps1'
[2.908s] INFO:colcon.colcon_core.shell:Creating prefix script '/home/astro/IGVC-Pushed/install/local_setup.sh'
[2.909s] INFO:colcon.colcon_core.shell:Creating prefix util module '/home/astro/IGVC-Pushed/install/_local_setup_util_sh.py'
[2.910s] INFO:colcon.colcon_core.shell:Creating prefix chain script '/home/astro/IGVC-Pushed/install/setup.sh'
[2.912s] INFO:colcon.colcon_core.shell:Creating prefix script '/home/astro/IGVC-Pushed/install/local_setup.bash'
[2.913s] INFO:colcon.colcon_core.shell:Creating prefix chain script '/home/astro/IGVC-Pushed/install/setup.bash'
[2.915s] INFO:colcon.colcon_core.shell:Creating prefix script '/home/astro/IGVC-Pushed/install/local_setup.zsh'
[2.916s] INFO:colcon.colcon_core.shell:Creating prefix chain script '/home/astro/IGVC-Pushed/install/setup.zsh'
