[1.558s] Invoking command in '/home/astro/IGVC-Pushed/src/Turtle_circle': PYTHONPATH=/home/astro/IGVC-Pushed/build/Turtle_circle/prefix_override:/usr/lib/python3/dist-packages/colcon_core/task/python/colcon_distutils_commands:/home/astro/IGVC-Pushed/install/Turtle_circle/lib/python3.10/site-packages:${PYTHONPATH} /usr/bin/python3 -W ignore:setup.py install is deprecated -W ignore:easy_install command is deprecated setup.py egg_info --egg-base ../../build/Turtle_circle build --build-base /home/astro/IGVC-Pushed/build/Turtle_circle/build install --record /home/astro/IGVC-Pushed/build/Turtle_circle/install.log --single-version-externally-managed install_data
[1.942s] running egg_info
[1.944s] writing ../../build/Turtle_circle/Turtle_circle.egg-info/PKG-INFO
[1.944s] writing dependency_links to ../../build/Turtle_circle/Turtle_circle.egg-info/dependency_links.txt
[1.945s] writing entry points to ../../build/Turtle_circle/Turtle_circle.egg-info/entry_points.txt
[1.945s] writing requirements to ../../build/Turtle_circle/Turtle_circle.egg-info/requires.txt
[1.945s] writing top-level names to ../../build/Turtle_circle/Turtle_circle.egg-info/top_level.txt
[1.948s] reading manifest file '../../build/Turtle_circle/Turtle_circle.egg-info/SOURCES.txt'
[1.949s] writing manifest file '../../build/Turtle_circle/Turtle_circle.egg-info/SOURCES.txt'
[1.949s] running build
[1.950s] running build_py
[1.950s] running install
[1.950s] running install_lib
[1.952s] running install_data
[1.953s] running install_egg_info
[1.955s] removing '/home/astro/IGVC-Pushed/install/Turtle_circle/lib/python3.10/site-packages/Turtle_circle-0.0.0-py3.10.egg-info' (and everything under it)
[1.955s] Copying ../../build/Turtle_circle/Turtle_circle.egg-info to /home/astro/IGVC-Pushed/install/Turtle_circle/lib/python3.10/site-packages/Turtle_circle-0.0.0-py3.10.egg-info
[1.957s] running install_scripts
[1.990s] Installing pub script to /home/astro/IGVC-Pushed/install/Turtle_circle/lib/Turtle_circle
[1.990s] writing list of installed files to '/home/astro/IGVC-Pushed/build/Turtle_circle/install.log'
[2.042s] Invoked command in '/home/astro/IGVC-Pushed/src/Turtle_circle' returned '0': PYTHONPATH=/home/astro/IGVC-Pushed/build/Turtle_circle/prefix_override:/usr/lib/python3/dist-packages/colcon_core/task/python/colcon_distutils_commands:/home/astro/IGVC-Pushed/install/Turtle_circle/lib/python3.10/site-packages:${PYTHONPATH} /usr/bin/python3 -W ignore:setup.py install is deprecated -W ignore:easy_install command is deprecated setup.py egg_info --egg-base ../../build/Turtle_circle build --build-base /home/astro/IGVC-Pushed/build/Turtle_circle/build install --record /home/astro/IGVC-Pushed/build/Turtle_circle/install.log --single-version-externally-managed install_data
