[0.667s] Invoking command in '/home/saket/ros_ws/src/ros_tur_tele': PYTHONPATH=/home/saket/ros_ws/build/ros_tur_tele/prefix_override:/usr/lib/python3/dist-packages/colcon_core/task/python/colcon_distutils_commands:/home/saket/ros_ws/install/ros_tur_tele/lib/python3.10/site-packages:${PYTHONPATH} /usr/bin/python3 -W ignore:setup.py install is deprecated -W ignore:easy_install command is deprecated setup.py egg_info --egg-base ../../build/ros_tur_tele build --build-base /home/saket/ros_ws/build/ros_tur_tele/build install --record /home/saket/ros_ws/build/ros_tur_tele/install.log --single-version-externally-managed install_data
[0.918s] running egg_info
[0.919s] writing ../../build/ros_tur_tele/ros_tur_tele.egg-info/PKG-INFO
[0.919s] writing dependency_links to ../../build/ros_tur_tele/ros_tur_tele.egg-info/dependency_links.txt
[0.919s] writing entry points to ../../build/ros_tur_tele/ros_tur_tele.egg-info/entry_points.txt
[0.920s] writing requirements to ../../build/ros_tur_tele/ros_tur_tele.egg-info/requires.txt
[0.920s] writing top-level names to ../../build/ros_tur_tele/ros_tur_tele.egg-info/top_level.txt
[0.921s] reading manifest file '../../build/ros_tur_tele/ros_tur_tele.egg-info/SOURCES.txt'
[0.922s] writing manifest file '../../build/ros_tur_tele/ros_tur_tele.egg-info/SOURCES.txt'
[0.922s] running build
[0.922s] running build_py
[0.922s] running install
[0.923s] running install_lib
[0.924s] running install_data
[0.924s] running install_egg_info
[0.926s] removing '/home/saket/ros_ws/install/ros_tur_tele/lib/python3.10/site-packages/ros_tur_tele-0.0.0-py3.10.egg-info' (and everything under it)
[0.926s] Copying ../../build/ros_tur_tele/ros_tur_tele.egg-info to /home/saket/ros_ws/install/ros_tur_tele/lib/python3.10/site-packages/ros_tur_tele-0.0.0-py3.10.egg-info
[0.927s] running install_scripts
[0.956s] Installing tur_rot script to /home/saket/ros_ws/install/ros_tur_tele/lib/ros_tur_tele
[0.956s] Installing tur_tele script to /home/saket/ros_ws/install/ros_tur_tele/lib/ros_tur_tele
[0.956s] writing list of installed files to '/home/saket/ros_ws/build/ros_tur_tele/install.log'
[0.986s] Invoked command in '/home/saket/ros_ws/src/ros_tur_tele' returned '0': PYTHONPATH=/home/saket/ros_ws/build/ros_tur_tele/prefix_override:/usr/lib/python3/dist-packages/colcon_core/task/python/colcon_distutils_commands:/home/saket/ros_ws/install/ros_tur_tele/lib/python3.10/site-packages:${PYTHONPATH} /usr/bin/python3 -W ignore:setup.py install is deprecated -W ignore:easy_install command is deprecated setup.py egg_info --egg-base ../../build/ros_tur_tele build --build-base /home/saket/ros_ws/build/ros_tur_tele/build install --record /home/saket/ros_ws/build/ros_tur_tele/install.log --single-version-externally-managed install_data
