[0.296s] Invoking command in '/home/arnab/ArnabIGVC/IGVC1/src/turtleop': CONDA_PROMPT_MODIFIER=(base) PYTHONPATH=/home/arnab/ArnabIGVC/IGVC1/build/turtleop/prefix_override:/usr/lib/python3/dist-packages/colcon_core/task/python/colcon_distutils_commands:/home/arnab/ArnabIGVC/IGVC1/install/turtleop/lib/python3.10/site-packages:${PYTHONPATH} /usr/bin/python3 -W ignore:setup.py install is deprecated -W ignore:easy_install command is deprecated setup.py egg_info --egg-base ../../build/turtleop build --build-base /home/arnab/ArnabIGVC/IGVC1/build/turtleop/build install --record /home/arnab/ArnabIGVC/IGVC1/build/turtleop/install.log --single-version-externally-managed install_data
[0.412s] running egg_info
[0.412s] writing ../../build/turtleop/turtleop.egg-info/PKG-INFO
[0.412s] writing dependency_links to ../../build/turtleop/turtleop.egg-info/dependency_links.txt
[0.413s] writing entry points to ../../build/turtleop/turtleop.egg-info/entry_points.txt
[0.413s] writing requirements to ../../build/turtleop/turtleop.egg-info/requires.txt
[0.413s] writing top-level names to ../../build/turtleop/turtleop.egg-info/top_level.txt
[0.413s] reading manifest file '../../build/turtleop/turtleop.egg-info/SOURCES.txt'
[0.414s] writing manifest file '../../build/turtleop/turtleop.egg-info/SOURCES.txt'
[0.414s] running build
[0.414s] running build_py
[0.414s] copying turtleop/circle.py -> /home/arnab/ArnabIGVC/IGVC1/build/turtleop/build/lib/turtleop
[0.414s] running install
[0.414s] running install_lib
[0.415s] copying /home/arnab/ArnabIGVC/IGVC1/build/turtleop/build/lib/turtleop/circle.py -> /home/arnab/ArnabIGVC/IGVC1/install/turtleop/lib/python3.10/site-packages/turtleop
[0.415s] byte-compiling /home/arnab/ArnabIGVC/IGVC1/install/turtleop/lib/python3.10/site-packages/turtleop/circle.py to circle.cpython-310.pyc
[0.415s] running install_data
[0.416s] running install_egg_info
[0.416s] removing '/home/arnab/ArnabIGVC/IGVC1/install/turtleop/lib/python3.10/site-packages/turtleop-0.0.0-py3.10.egg-info' (and everything under it)
[0.417s] Copying ../../build/turtleop/turtleop.egg-info to /home/arnab/ArnabIGVC/IGVC1/install/turtleop/lib/python3.10/site-packages/turtleop-0.0.0-py3.10.egg-info
[0.417s] running install_scripts
[0.429s] Installing circle script to /home/arnab/ArnabIGVC/IGVC1/install/turtleop/lib/turtleop
[0.429s] Installing teleport script to /home/arnab/ArnabIGVC/IGVC1/install/turtleop/lib/turtleop
[0.429s] writing list of installed files to '/home/arnab/ArnabIGVC/IGVC1/build/turtleop/install.log'
[0.446s] Invoked command in '/home/arnab/ArnabIGVC/IGVC1/src/turtleop' returned '0': CONDA_PROMPT_MODIFIER=(base) PYTHONPATH=/home/arnab/ArnabIGVC/IGVC1/build/turtleop/prefix_override:/usr/lib/python3/dist-packages/colcon_core/task/python/colcon_distutils_commands:/home/arnab/ArnabIGVC/IGVC1/install/turtleop/lib/python3.10/site-packages:${PYTHONPATH} /usr/bin/python3 -W ignore:setup.py install is deprecated -W ignore:easy_install command is deprecated setup.py egg_info --egg-base ../../build/turtleop build --build-base /home/arnab/ArnabIGVC/IGVC1/build/turtleop/build install --record /home/arnab/ArnabIGVC/IGVC1/build/turtleop/install.log --single-version-externally-managed install_data
