[0.294s] DEBUG:colcon:Command line arguments: ['/usr/bin/colcon', 'build']
[0.294s] DEBUG:colcon:Parsed command line arguments: Namespace(log_base=None, log_level=None, verb_name='build', build_base='build', install_base='install', merge_install=False, symlink_install=False, test_result_base=None, continue_on_error=False, executor='parallel', parallel_workers=8, event_handlers=None, ignore_user_meta=False, metas=['./colcon.meta'], base_paths=['.'], packages_ignore=None, packages_ignore_regex=None, paths=None, packages_up_to=None, packages_up_to_regex=None, packages_above=None, packages_above_and_dependencies=None, packages_above_depth=None, packages_select_by_dep=None, packages_skip_by_dep=None, packages_skip_up_to=None, packages_select_build_failed=False, packages_skip_build_finished=False, packages_select_test_failures=False, packages_skip_test_passed=False, packages_select=None, packages_skip=None, packages_select_regex=None, packages_skip_regex=None, packages_start=None, packages_end=None, allow_overriding=[], cmake_args=None, cmake_target=None, cmake_target_skip_unavailable=False, cmake_clean_cache=False, cmake_clean_first=False, cmake_force_configure=False, ament_cmake_args=None, catkin_cmake_args=None, catkin_skip_building_tests=False, mixin_files=None, mixin=None, verb_parser=<colcon_mixin.mixin.mixin_argument.MixinArgumentDecorator object at 0x7f27a2185d20>, verb_extension=<colcon_core.verb.build.BuildVerb object at 0x7f27a21854b0>, main=<bound method BuildVerb.main of <colcon_core.verb.build.BuildVerb object at 0x7f27a21854b0>>, mixin_verb=('build',))
[0.531s] Level 1:colcon.colcon_core.package_discovery:discover_packages(colcon_meta) check parameters
[0.532s] Level 1:colcon.colcon_core.package_discovery:discover_packages(recursive) check parameters
[0.532s] Level 1:colcon.colcon_core.package_discovery:discover_packages(ignore) check parameters
[0.532s] Level 1:colcon.colcon_core.package_discovery:discover_packages(path) check parameters
[0.532s] Level 1:colcon.colcon_core.package_discovery:discover_packages(colcon_meta) discover
[0.532s] Level 1:colcon.colcon_core.package_discovery:discover_packages(recursive) discover
[0.532s] INFO:colcon.colcon_core.package_discovery:Crawling recursively for packages in '/home/astro/IGVC-Pushed'
[0.532s] Level 1:colcon.colcon_core.package_identification:_identify(.) by extensions ['ignore', 'ignore_ament_install']
[0.532s] Level 1:colcon.colcon_core.package_identification:_identify(.) by extension 'ignore'
[0.533s] Level 1:colcon.colcon_core.package_identification:_identify(.) by extension 'ignore_ament_install'
[0.533s] Level 1:colcon.colcon_core.package_identification:_identify(.) by extensions ['colcon_pkg']
[0.533s] Level 1:colcon.colcon_core.package_identification:_identify(.) by extension 'colcon_pkg'
[0.533s] Level 1:colcon.colcon_core.package_identification:_identify(.) by extensions ['colcon_meta']
[0.533s] Level 1:colcon.colcon_core.package_identification:_identify(.) by extension 'colcon_meta'
[0.533s] Level 1:colcon.colcon_core.package_identification:_identify(.) by extensions ['ros']
[0.533s] Level 1:colcon.colcon_core.package_identification:_identify(.) by extension 'ros'
[0.546s] Level 1:colcon.colcon_core.package_identification:_identify(.) by extensions ['cmake', 'python']
[0.547s] Level 1:colcon.colcon_core.package_identification:_identify(.) by extension 'cmake'
[0.547s] Level 1:colcon.colcon_core.package_identification:_identify(.) by extension 'python'
[0.547s] Level 1:colcon.colcon_core.package_identification:_identify(.) by extensions ['python_setup_py']
[0.547s] Level 1:colcon.colcon_core.package_identification:_identify(.) by extension 'python_setup_py'
[0.547s] Level 1:colcon.colcon_core.package_identification:_identify(build) by extensions ['ignore', 'ignore_ament_install']
[0.547s] Level 1:colcon.colcon_core.package_identification:_identify(build) by extension 'ignore'
[0.547s] Level 1:colcon.colcon_core.package_identification:_identify(build) ignored
[0.548s] Level 1:colcon.colcon_core.package_identification:_identify(install) by extensions ['ignore', 'ignore_ament_install']
[0.548s] Level 1:colcon.colcon_core.package_identification:_identify(install) by extension 'ignore'
[0.548s] Level 1:colcon.colcon_core.package_identification:_identify(install) ignored
[0.548s] Level 1:colcon.colcon_core.package_identification:_identify(log) by extensions ['ignore', 'ignore_ament_install']
[0.548s] Level 1:colcon.colcon_core.package_identification:_identify(log) by extension 'ignore'
[0.548s] Level 1:colcon.colcon_core.package_identification:_identify(log) ignored
[0.549s] Level 1:colcon.colcon_core.package_identification:_identify(src) by extensions ['ignore', 'ignore_ament_install']
[0.549s] Level 1:colcon.colcon_core.package_identification:_identify(src) by extension 'ignore'
[0.549s] Level 1:colcon.colcon_core.package_identification:_identify(src) by extension 'ignore_ament_install'
[0.549s] Level 1:colcon.colcon_core.package_identification:_identify(src) by extensions ['colcon_pkg']
[0.549s] Level 1:colcon.colcon_core.package_identification:_identify(src) by extension 'colcon_pkg'
[0.549s] Level 1:colcon.colcon_core.package_identification:_identify(src) by extensions ['colcon_meta']
[0.549s] Level 1:colcon.colcon_core.package_identification:_identify(src) by extension 'colcon_meta'
[0.549s] Level 1:colcon.colcon_core.package_identification:_identify(src) by extensions ['ros']
[0.550s] Level 1:colcon.colcon_core.package_identification:_identify(src) by extension 'ros'
[0.550s] Level 1:colcon.colcon_core.package_identification:_identify(src) by extensions ['cmake', 'python']
[0.550s] Level 1:colcon.colcon_core.package_identification:_identify(src) by extension 'cmake'
[0.550s] Level 1:colcon.colcon_core.package_identification:_identify(src) by extension 'python'
[0.550s] Level 1:colcon.colcon_core.package_identification:_identify(src) by extensions ['python_setup_py']
[0.550s] Level 1:colcon.colcon_core.package_identification:_identify(src) by extension 'python_setup_py'
[0.550s] Level 1:colcon.colcon_core.package_identification:_identify(src/Turtle_Teleport) by extensions ['ignore', 'ignore_ament_install']
[0.550s] Level 1:colcon.colcon_core.package_identification:_identify(src/Turtle_Teleport) by extension 'ignore'
[0.550s] Level 1:colcon.colcon_core.package_identification:_identify(src/Turtle_Teleport) by extension 'ignore_ament_install'
[0.551s] Level 1:colcon.colcon_core.package_identification:_identify(src/Turtle_Teleport) by extensions ['colcon_pkg']
[0.551s] Level 1:colcon.colcon_core.package_identification:_identify(src/Turtle_Teleport) by extension 'colcon_pkg'
[0.551s] Level 1:colcon.colcon_core.package_identification:_identify(src/Turtle_Teleport) by extensions ['colcon_meta']
[0.551s] Level 1:colcon.colcon_core.package_identification:_identify(src/Turtle_Teleport) by extension 'colcon_meta'
[0.551s] Level 1:colcon.colcon_core.package_identification:_identify(src/Turtle_Teleport) by extensions ['ros']
[0.551s] Level 1:colcon.colcon_core.package_identification:_identify(src/Turtle_Teleport) by extension 'ros'
[0.554s] DEBUG:colcon.colcon_core.package_identification:Package 'src/Turtle_Teleport' with type 'ros.ament_python' and name 'Turtle_Teleport'
[0.554s] Level 1:colcon.colcon_core.package_identification:_identify(src/Turtle_circle) by extensions ['ignore', 'ignore_ament_install']
[0.554s] Level 1:colcon.colcon_core.package_identification:_identify(src/Turtle_circle) by extension 'ignore'
[0.554s] Level 1:colcon.colcon_core.package_identification:_identify(src/Turtle_circle) by extension 'ignore_ament_install'
[0.555s] Level 1:colcon.colcon_core.package_identification:_identify(src/Turtle_circle) by extensions ['colcon_pkg']
[0.555s] Level 1:colcon.colcon_core.package_identification:_identify(src/Turtle_circle) by extension 'colcon_pkg'
[0.555s] Level 1:colcon.colcon_core.package_identification:_identify(src/Turtle_circle) by extensions ['colcon_meta']
[0.555s] Level 1:colcon.colcon_core.package_identification:_identify(src/Turtle_circle) by extension 'colcon_meta'
[0.555s] Level 1:colcon.colcon_core.package_identification:_identify(src/Turtle_circle) by extensions ['ros']
[0.555s] Level 1:colcon.colcon_core.package_identification:_identify(src/Turtle_circle) by extension 'ros'
[0.556s] DEBUG:colcon.colcon_core.package_identification:Package 'src/Turtle_circle' with type 'ros.ament_python' and name 'Turtle_circle'
[0.556s] Level 1:colcon.colcon_core.package_discovery:discover_packages(recursive) using defaults
[0.556s] Level 1:colcon.colcon_core.package_discovery:discover_packages(ignore) discover
[0.556s] Level 1:colcon.colcon_core.package_discovery:discover_packages(ignore) using defaults
[0.556s] Level 1:colcon.colcon_core.package_discovery:discover_packages(path) discover
[0.556s] Level 1:colcon.colcon_core.package_discovery:discover_packages(path) using defaults
[0.606s] Level 1:colcon.colcon_core.package_discovery:discover_packages(prefix_path) check parameters
[0.607s] Level 1:colcon.colcon_core.package_discovery:discover_packages(prefix_path) discover
[0.608s] WARNING:colcon.colcon_core.prefix_path.colcon:The path '/home/astro/IGVC-Pushed/src/install' in the environment variable COLCON_PREFIX_PATH doesn't exist
[0.608s] WARNING:colcon.colcon_ros.prefix_path.ament:The path '/home/astro/IGVC-Pushed/src/install/Turtle_circle' in the environment variable AMENT_PREFIX_PATH doesn't exist
[0.608s] WARNING:colcon.colcon_ros.prefix_path.ament:The path '/home/astro/IGVC-Pushed/src/install/Turtle_Teleport' in the environment variable AMENT_PREFIX_PATH doesn't exist
[0.611s] DEBUG:colcon.colcon_installed_package_information.package_discovery:Found 271 installed packages in /opt/ros/humble
[0.613s] Level 1:colcon.colcon_core.package_discovery:discover_packages(prefix_path) using defaults
[0.687s] Level 5:colcon.colcon_core.verb:set package 'Turtle_Teleport' build argument 'cmake_args' from command line to 'None'
[0.687s] Level 5:colcon.colcon_core.verb:set package 'Turtle_Teleport' build argument 'cmake_target' from command line to 'None'
[0.687s] Level 5:colcon.colcon_core.verb:set package 'Turtle_Teleport' build argument 'cmake_target_skip_unavailable' from command line to 'False'
[0.687s] Level 5:colcon.colcon_core.verb:set package 'Turtle_Teleport' build argument 'cmake_clean_cache' from command line to 'False'
[0.687s] Level 5:colcon.colcon_core.verb:set package 'Turtle_Teleport' build argument 'cmake_clean_first' from command line to 'False'
[0.687s] Level 5:colcon.colcon_core.verb:set package 'Turtle_Teleport' build argument 'cmake_force_configure' from command line to 'False'
[0.687s] Level 5:colcon.colcon_core.verb:set package 'Turtle_Teleport' build argument 'ament_cmake_args' from command line to 'None'
[0.687s] Level 5:colcon.colcon_core.verb:set package 'Turtle_Teleport' build argument 'catkin_cmake_args' from command line to 'None'
[0.687s] Level 5:colcon.colcon_core.verb:set package 'Turtle_Teleport' build argument 'catkin_skip_building_tests' from command line to 'False'
[0.688s] DEBUG:colcon.colcon_core.verb:Building package 'Turtle_Teleport' with the following arguments: {'ament_cmake_args': None, 'build_base': '/home/astro/IGVC-Pushed/build/Turtle_Teleport', 'catkin_cmake_args': None, 'catkin_skip_building_tests': False, 'cmake_args': None, 'cmake_clean_cache': False, 'cmake_clean_first': False, 'cmake_force_configure': False, 'cmake_target': None, 'cmake_target_skip_unavailable': False, 'install_base': '/home/astro/IGVC-Pushed/install/Turtle_Teleport', 'merge_install': False, 'path': '/home/astro/IGVC-Pushed/src/Turtle_Teleport', 'symlink_install': False, 'test_result_base': None}
[0.688s] Level 5:colcon.colcon_core.verb:set package 'Turtle_circle' build argument 'cmake_args' from command line to 'None'
[0.688s] Level 5:colcon.colcon_core.verb:set package 'Turtle_circle' build argument 'cmake_target' from command line to 'None'
[0.688s] Level 5:colcon.colcon_core.verb:set package 'Turtle_circle' build argument 'cmake_target_skip_unavailable' from command line to 'False'
[0.688s] Level 5:colcon.colcon_core.verb:set package 'Turtle_circle' build argument 'cmake_clean_cache' from command line to 'False'
[0.688s] Level 5:colcon.colcon_core.verb:set package 'Turtle_circle' build argument 'cmake_clean_first' from command line to 'False'
[0.689s] Level 5:colcon.colcon_core.verb:set package 'Turtle_circle' build argument 'cmake_force_configure' from command line to 'False'
[0.689s] Level 5:colcon.colcon_core.verb:set package 'Turtle_circle' build argument 'ament_cmake_args' from command line to 'None'
[0.689s] Level 5:colcon.colcon_core.verb:set package 'Turtle_circle' build argument 'catkin_cmake_args' from command line to 'None'
[0.689s] Level 5:colcon.colcon_core.verb:set package 'Turtle_circle' build argument 'catkin_skip_building_tests' from command line to 'False'
[0.689s] DEBUG:colcon.colcon_core.verb:Building package 'Turtle_circle' with the following arguments: {'ament_cmake_args': None, 'build_base': '/home/astro/IGVC-Pushed/build/Turtle_circle', 'catkin_cmake_args': None, 'catkin_skip_building_tests': False, 'cmake_args': None, 'cmake_clean_cache': False, 'cmake_clean_first': False, 'cmake_force_configure': False, 'cmake_target': None, 'cmake_target_skip_unavailable': False, 'install_base': '/home/astro/IGVC-Pushed/install/Turtle_circle', 'merge_install': False, 'path': '/home/astro/IGVC-Pushed/src/Turtle_circle', 'symlink_install': False, 'test_result_base': None}
[0.689s] INFO:colcon.colcon_core.executor:Executing jobs using 'parallel' executor
[0.692s] DEBUG:colcon.colcon_parallel_executor.executor.parallel:run_until_complete
[0.692s] INFO:colcon.colcon_ros.task.ament_python.build:Building ROS package in '/home/astro/IGVC-Pushed/src/Turtle_Teleport' with build type 'ament_python'
[0.693s] Level 1:colcon.colcon_core.shell:create_environment_hook('Turtle_Teleport', 'ament_prefix_path')
[0.697s] INFO:colcon.colcon_core.plugin_system:Skipping extension 'colcon_core.shell.bat': Not used on non-Windows systems
[0.698s] INFO:colcon.colcon_core.shell:Creating environment hook '/home/astro/IGVC-Pushed/install/Turtle_Teleport/share/Turtle_Teleport/hook/ament_prefix_path.ps1'
[0.703s] INFO:colcon.colcon_core.shell:Creating environment descriptor '/home/astro/IGVC-Pushed/install/Turtle_Teleport/share/Turtle_Teleport/hook/ament_prefix_path.dsv'
[0.704s] INFO:colcon.colcon_core.shell:Creating environment hook '/home/astro/IGVC-Pushed/install/Turtle_Teleport/share/Turtle_Teleport/hook/ament_prefix_path.sh'
[0.707s] INFO:colcon.colcon_core.shell:Skip shell extension 'powershell' for command environment: Not usable outside of PowerShell
[0.707s] DEBUG:colcon.colcon_core.shell:Skip shell extension 'dsv' for command environment
[0.715s] INFO:colcon.colcon_ros.task.ament_python.build:Building ROS package in '/home/astro/IGVC-Pushed/src/Turtle_circle' with build type 'ament_python'
[0.716s] Level 1:colcon.colcon_core.shell:create_environment_hook('Turtle_circle', 'ament_prefix_path')
[0.716s] INFO:colcon.colcon_core.shell:Creating environment hook '/home/astro/IGVC-Pushed/install/Turtle_circle/share/Turtle_circle/hook/ament_prefix_path.ps1'
[0.720s] INFO:colcon.colcon_core.shell:Creating environment descriptor '/home/astro/IGVC-Pushed/install/Turtle_circle/share/Turtle_circle/hook/ament_prefix_path.dsv'
[0.721s] INFO:colcon.colcon_core.shell:Creating environment hook '/home/astro/IGVC-Pushed/install/Turtle_circle/share/Turtle_circle/hook/ament_prefix_path.sh'
[0.722s] INFO:colcon.colcon_core.shell:Skip shell extension 'powershell' for command environment: Not usable outside of PowerShell
[0.722s] DEBUG:colcon.colcon_core.shell:Skip shell extension 'dsv' for command environment
[1.167s] INFO:colcon.colcon_core.task.python.build:Building Python package in '/home/astro/IGVC-Pushed/src/Turtle_Teleport'
[1.168s] INFO:colcon.colcon_core.shell:Skip shell extension 'powershell' for command environment: Not usable outside of PowerShell
[1.168s] DEBUG:colcon.colcon_core.shell:Skip shell extension 'dsv' for command environment
[1.549s] INFO:colcon.colcon_core.task.python.build:Building Python package in '/home/astro/IGVC-Pushed/src/Turtle_circle'
[1.550s] INFO:colcon.colcon_core.shell:Skip shell extension 'powershell' for command environment: Not usable outside of PowerShell
[1.550s] DEBUG:colcon.colcon_core.shell:Skip shell extension 'dsv' for command environment
[2.171s] DEBUG:colcon.colcon_core.event_handler.log_command:Invoking command in '/home/astro/IGVC-Pushed/src/Turtle_Teleport': PYTHONPATH=/home/astro/IGVC-Pushed/build/Turtle_Teleport/prefix_override:/usr/lib/python3/dist-packages/colcon_core/task/python/colcon_distutils_commands:/home/astro/IGVC-Pushed/install/Turtle_Teleport/lib/python3.10/site-packages:${PYTHONPATH} /usr/bin/python3 -W ignore:setup.py install is deprecated -W ignore:easy_install command is deprecated setup.py egg_info --egg-base ../../build/Turtle_Teleport build --build-base /home/astro/IGVC-Pushed/build/Turtle_Teleport/build install --record /home/astro/IGVC-Pushed/build/Turtle_Teleport/install.log --single-version-externally-managed install_data
[2.180s] DEBUG:colcon.colcon_core.event_handler.log_command:Invoking command in '/home/astro/IGVC-Pushed/src/Turtle_circle': PYTHONPATH=/home/astro/IGVC-Pushed/build/Turtle_circle/prefix_override:/usr/lib/python3/dist-packages/colcon_core/task/python/colcon_distutils_commands:/home/astro/IGVC-Pushed/install/Turtle_circle/lib/python3.10/site-packages:${PYTHONPATH} /usr/bin/python3 -W ignore:setup.py install is deprecated -W ignore:easy_install command is deprecated setup.py egg_info --egg-base ../../build/Turtle_circle build --build-base /home/astro/IGVC-Pushed/build/Turtle_circle/build install --record /home/astro/IGVC-Pushed/build/Turtle_circle/install.log --single-version-externally-managed install_data
[2.781s] DEBUG:colcon.colcon_core.event_handler.log_command:Invoked command in '/home/astro/IGVC-Pushed/src/Turtle_Teleport' returned '0': PYTHONPATH=/home/astro/IGVC-Pushed/build/Turtle_Teleport/prefix_override:/usr/lib/python3/dist-packages/colcon_core/task/python/colcon_distutils_commands:/home/astro/IGVC-Pushed/install/Turtle_Teleport/lib/python3.10/site-packages:${PYTHONPATH} /usr/bin/python3 -W ignore:setup.py install is deprecated -W ignore:easy_install command is deprecated setup.py egg_info --egg-base ../../build/Turtle_Teleport build --build-base /home/astro/IGVC-Pushed/build/Turtle_Teleport/build install --record /home/astro/IGVC-Pushed/build/Turtle_Teleport/install.log --single-version-externally-managed install_data
[2.786s] Level 1:colcon.colcon_core.environment:checking '/home/astro/IGVC-Pushed/install/Turtle_Teleport' for CMake module files
[2.788s] Level 1:colcon.colcon_core.environment:checking '/home/astro/IGVC-Pushed/install/Turtle_Teleport' for CMake config files
[2.789s] Level 1:colcon.colcon_core.environment:checking '/home/astro/IGVC-Pushed/install/Turtle_Teleport/lib'
[2.790s] Level 1:colcon.colcon_core.environment:checking '/home/astro/IGVC-Pushed/install/Turtle_Teleport/bin'
[2.791s] Level 1:colcon.colcon_core.environment:checking '/home/astro/IGVC-Pushed/install/Turtle_Teleport/lib/pkgconfig/Turtle_Teleport.pc'
[2.792s] Level 1:colcon.colcon_core.environment:checking '/home/astro/IGVC-Pushed/install/Turtle_Teleport/lib/python3.10/site-packages'
[2.792s] Level 1:colcon.colcon_core.shell:create_environment_hook('Turtle_Teleport', 'pythonpath')
[2.793s] INFO:colcon.colcon_core.shell:Creating environment hook '/home/astro/IGVC-Pushed/install/Turtle_Teleport/share/Turtle_Teleport/hook/pythonpath.ps1'
[2.794s] INFO:colcon.colcon_core.shell:Creating environment descriptor '/home/astro/IGVC-Pushed/install/Turtle_Teleport/share/Turtle_Teleport/hook/pythonpath.dsv'
[2.795s] INFO:colcon.colcon_core.shell:Creating environment hook '/home/astro/IGVC-Pushed/install/Turtle_Teleport/share/Turtle_Teleport/hook/pythonpath.sh'
[2.797s] Level 1:colcon.colcon_core.environment:checking '/home/astro/IGVC-Pushed/install/Turtle_Teleport/bin'
[2.797s] Level 1:colcon.colcon_core.environment:create_environment_scripts_only(Turtle_Teleport)
[2.798s] INFO:colcon.colcon_core.shell:Creating package script '/home/astro/IGVC-Pushed/install/Turtle_Teleport/share/Turtle_Teleport/package.ps1'
[2.799s] INFO:colcon.colcon_core.shell:Creating package descriptor '/home/astro/IGVC-Pushed/install/Turtle_Teleport/share/Turtle_Teleport/package.dsv'
[2.801s] INFO:colcon.colcon_core.shell:Creating package script '/home/astro/IGVC-Pushed/install/Turtle_Teleport/share/Turtle_Teleport/package.sh'
[2.803s] INFO:colcon.colcon_core.shell:Creating package script '/home/astro/IGVC-Pushed/install/Turtle_Teleport/share/Turtle_Teleport/package.bash'
[2.805s] INFO:colcon.colcon_core.shell:Creating package script '/home/astro/IGVC-Pushed/install/Turtle_Teleport/share/Turtle_Teleport/package.zsh'
[2.807s] Level 1:colcon.colcon_core.environment:create_file_with_runtime_dependencies(/home/astro/IGVC-Pushed/install/Turtle_Teleport/share/colcon-core/packages/Turtle_Teleport)
[2.811s] Level 1:colcon.colcon_core.environment:checking '/home/astro/IGVC-Pushed/install/Turtle_circle' for CMake module files
[2.814s] DEBUG:colcon.colcon_core.event_handler.log_command:Invoked command in '/home/astro/IGVC-Pushed/src/Turtle_circle' returned '0': PYTHONPATH=/home/astro/IGVC-Pushed/build/Turtle_circle/prefix_override:/usr/lib/python3/dist-packages/colcon_core/task/python/colcon_distutils_commands:/home/astro/IGVC-Pushed/install/Turtle_circle/lib/python3.10/site-packages:${PYTHONPATH} /usr/bin/python3 -W ignore:setup.py install is deprecated -W ignore:easy_install command is deprecated setup.py egg_info --egg-base ../../build/Turtle_circle build --build-base /home/astro/IGVC-Pushed/build/Turtle_circle/build install --record /home/astro/IGVC-Pushed/build/Turtle_circle/install.log --single-version-externally-managed install_data
[2.815s] Level 1:colcon.colcon_core.environment:checking '/home/astro/IGVC-Pushed/install/Turtle_circle' for CMake config files
[2.816s] Level 1:colcon.colcon_core.environment:checking '/home/astro/IGVC-Pushed/install/Turtle_circle/lib'
[2.816s] Level 1:colcon.colcon_core.environment:checking '/home/astro/IGVC-Pushed/install/Turtle_circle/bin'
[2.816s] Level 1:colcon.colcon_core.environment:checking '/home/astro/IGVC-Pushed/install/Turtle_circle/lib/pkgconfig/Turtle_circle.pc'
[2.817s] Level 1:colcon.colcon_core.environment:checking '/home/astro/IGVC-Pushed/install/Turtle_circle/lib/python3.10/site-packages'
[2.817s] Level 1:colcon.colcon_core.shell:create_environment_hook('Turtle_circle', 'pythonpath')
[2.817s] INFO:colcon.colcon_core.shell:Creating environment hook '/home/astro/IGVC-Pushed/install/Turtle_circle/share/Turtle_circle/hook/pythonpath.ps1'
[2.818s] INFO:colcon.colcon_core.shell:Creating environment descriptor '/home/astro/IGVC-Pushed/install/Turtle_circle/share/Turtle_circle/hook/pythonpath.dsv'
[2.820s] INFO:colcon.colcon_core.shell:Creating environment hook '/home/astro/IGVC-Pushed/install/Turtle_circle/share/Turtle_circle/hook/pythonpath.sh'
[2.821s] Level 1:colcon.colcon_core.environment:checking '/home/astro/IGVC-Pushed/install/Turtle_circle/bin'
[2.822s] Level 1:colcon.colcon_core.environment:create_environment_scripts_only(Turtle_circle)
[2.823s] INFO:colcon.colcon_core.shell:Creating package script '/home/astro/IGVC-Pushed/install/Turtle_circle/share/Turtle_circle/package.ps1'
[2.825s] INFO:colcon.colcon_core.shell:Creating package descriptor '/home/astro/IGVC-Pushed/install/Turtle_circle/share/Turtle_circle/package.dsv'
[2.826s] INFO:colcon.colcon_core.shell:Creating package script '/home/astro/IGVC-Pushed/install/Turtle_circle/share/Turtle_circle/package.sh'
[2.826s] INFO:colcon.colcon_core.shell:Creating package script '/home/astro/IGVC-Pushed/install/Turtle_circle/share/Turtle_circle/package.bash'
[2.827s] INFO:colcon.colcon_core.shell:Creating package script '/home/astro/IGVC-Pushed/install/Turtle_circle/share/Turtle_circle/package.zsh'
[2.827s] Level 1:colcon.colcon_core.environment:create_file_with_runtime_dependencies(/home/astro/IGVC-Pushed/install/Turtle_circle/share/colcon-core/packages/Turtle_circle)
[2.829s] DEBUG:colcon.colcon_parallel_executor.executor.parallel:closing loop
[2.830s] DEBUG:colcon.colcon_parallel_executor.executor.parallel:loop closed
[2.831s] DEBUG:colcon.colcon_parallel_executor.executor.parallel:run_until_complete finished with '0'
[2.831s] DEBUG:colcon.colcon_core.event_reactor:joining thread
[2.919s] INFO:colcon.colcon_core.plugin_system:Skipping extension 'colcon_notification.desktop_notification.notify_send': Could not find 'notify-send'
[2.919s] INFO:colcon.colcon_core.plugin_system:Skipping extension 'colcon_notification.desktop_notification.terminal_notifier': Not used on non-Darwin systems
[2.920s] INFO:colcon.colcon_core.plugin_system:Skipping extension 'colcon_notification.desktop_notification.win32': Not used on non-Windows systems
[2.920s] INFO:colcon.colcon_notification.desktop_notification:Sending desktop notification using 'notify2'
[2.920s] DEBUG:colcon.colcon_notification.desktop_notification.notify2:Failed to initialize notify2: org.freedesktop.DBus.Error.FileNotFound: Failed to connect to socket /run/user/1000/bus: No such file or directory
[2.920s] DEBUG:colcon.colcon_core.event_reactor:joined thread
[2.921s] INFO:colcon.colcon_core.shell:Creating prefix script '/home/astro/IGVC-Pushed/install/local_setup.ps1'
[2.922s] INFO:colcon.colcon_core.shell:Creating prefix util module '/home/astro/IGVC-Pushed/install/_local_setup_util_ps1.py'
[2.924s] INFO:colcon.colcon_core.shell:Creating prefix chain script '/home/astro/IGVC-Pushed/install/setup.ps1'
[2.925s] INFO:colcon.colcon_core.shell:Creating prefix script '/home/astro/IGVC-Pushed/install/local_setup.sh'
[2.926s] INFO:colcon.colcon_core.shell:Creating prefix util module '/home/astro/IGVC-Pushed/install/_local_setup_util_sh.py'
[2.927s] INFO:colcon.colcon_core.shell:Creating prefix chain script '/home/astro/IGVC-Pushed/install/setup.sh'
[2.928s] INFO:colcon.colcon_core.shell:Creating prefix script '/home/astro/IGVC-Pushed/install/local_setup.bash'
[2.929s] INFO:colcon.colcon_core.shell:Creating prefix chain script '/home/astro/IGVC-Pushed/install/setup.bash'
[2.930s] INFO:colcon.colcon_core.shell:Creating prefix script '/home/astro/IGVC-Pushed/install/local_setup.zsh'
[2.931s] INFO:colcon.colcon_core.shell:Creating prefix chain script '/home/astro/IGVC-Pushed/install/setup.zsh'
