[1.585s] Invoking command in '/home/astro/IGVC-Pushed/src/Turtle_Teleport': PYTHONPATH=/home/astro/IGVC-Pushed/build/Turtle_Teleport/prefix_override:/usr/lib/python3/dist-packages/colcon_core/task/python/colcon_distutils_commands:/home/astro/IGVC-Pushed/install/Turtle_Teleport/lib/python3.10/site-packages:${PYTHONPATH} /usr/bin/python3 -W ignore:setup.py install is deprecated -W ignore:easy_install command is deprecated setup.py egg_info --egg-base ../../build/Turtle_Teleport build --build-base /home/astro/IGVC-Pushed/build/Turtle_Teleport/build install --record /home/astro/IGVC-Pushed/build/Turtle_Teleport/install.log --single-version-externally-managed install_data
[1.921s] running egg_info
[1.923s] writing ../../build/Turtle_Teleport/Turtle_Teleport.egg-info/PKG-INFO
[1.924s] writing dependency_links to ../../build/Turtle_Teleport/Turtle_Teleport.egg-info/dependency_links.txt
[1.925s] writing entry points to ../../build/Turtle_Teleport/Turtle_Teleport.egg-info/entry_points.txt
[1.925s] writing requirements to ../../build/Turtle_Teleport/Turtle_Teleport.egg-info/requires.txt
[1.926s] writing top-level names to ../../build/Turtle_Teleport/Turtle_Teleport.egg-info/top_level.txt
[1.929s] reading manifest file '../../build/Turtle_Teleport/Turtle_Teleport.egg-info/SOURCES.txt'
[1.931s] writing manifest file '../../build/Turtle_Teleport/Turtle_Teleport.egg-info/SOURCES.txt'
[1.931s] running build
[1.932s] running build_py
[1.932s] copying Turtle_Teleport/client.py -> /home/astro/IGVC-Pushed/build/Turtle_Teleport/build/lib/Turtle_Teleport
[1.932s] running install
[1.933s] running install_lib
[1.934s] copying /home/astro/IGVC-Pushed/build/Turtle_Teleport/build/lib/Turtle_Teleport/client.py -> /home/astro/IGVC-Pushed/install/Turtle_Teleport/lib/python3.10/site-packages/Turtle_Teleport
[1.935s] byte-compiling /home/astro/IGVC-Pushed/install/Turtle_Teleport/lib/python3.10/site-packages/Turtle_Teleport/client.py to client.cpython-310.pyc
[1.937s] running install_data
[1.937s] running install_egg_info
[1.940s] removing '/home/astro/IGVC-Pushed/install/Turtle_Teleport/lib/python3.10/site-packages/Turtle_Teleport-0.0.0-py3.10.egg-info' (and everything under it)
[1.941s] Copying ../../build/Turtle_Teleport/Turtle_Teleport.egg-info to /home/astro/IGVC-Pushed/install/Turtle_Teleport/lib/python3.10/site-packages/Turtle_Teleport-0.0.0-py3.10.egg-info
[1.943s] running install_scripts
[1.976s] Installing client script to /home/astro/IGVC-Pushed/install/Turtle_Teleport/lib/Turtle_Teleport
[1.977s] writing list of installed files to '/home/astro/IGVC-Pushed/build/Turtle_Teleport/install.log'
[2.030s] Invoked command in '/home/astro/IGVC-Pushed/src/Turtle_Teleport' returned '0': PYTHONPATH=/home/astro/IGVC-Pushed/build/Turtle_Teleport/prefix_override:/usr/lib/python3/dist-packages/colcon_core/task/python/colcon_distutils_commands:/home/astro/IGVC-Pushed/install/Turtle_Teleport/lib/python3.10/site-packages:${PYTHONPATH} /usr/bin/python3 -W ignore:setup.py install is deprecated -W ignore:easy_install command is deprecated setup.py egg_info --egg-base ../../build/Turtle_Teleport build --build-base /home/astro/IGVC-Pushed/build/Turtle_Teleport/build install --record /home/astro/IGVC-Pushed/build/Turtle_Teleport/install.log --single-version-externally-managed install_data
