[1.486s] Invoking command in '/home/astro/IGVC-Pushed/src/Turtle_Teleport': PYTHONPATH=/home/astro/IGVC-Pushed/build/Turtle_Teleport/prefix_override:/usr/lib/python3/dist-packages/colcon_core/task/python/colcon_distutils_commands:/home/astro/IGVC-Pushed/install/Turtle_Teleport/lib/python3.10/site-packages:${PYTHONPATH} /usr/bin/python3 -W ignore:setup.py install is deprecated -W ignore:easy_install command is deprecated setup.py egg_info --egg-base ../../build/Turtle_Teleport build --build-base /home/astro/IGVC-Pushed/build/Turtle_Teleport/build install --record /home/astro/IGVC-Pushed/build/Turtle_Teleport/install.log --single-version-externally-managed install_data
[1.971s] running egg_info
[1.973s] writing ../../build/Turtle_Teleport/Turtle_Teleport.egg-info/PKG-INFO
[1.974s] writing dependency_links to ../../build/Turtle_Teleport/Turtle_Teleport.egg-info/dependency_links.txt
[1.975s] writing entry points to ../../build/Turtle_Teleport/Turtle_Teleport.egg-info/entry_points.txt
[1.975s] writing requirements to ../../build/Turtle_Teleport/Turtle_Teleport.egg-info/requires.txt
[1.975s] writing top-level names to ../../build/Turtle_Teleport/Turtle_Teleport.egg-info/top_level.txt
[1.979s] reading manifest file '../../build/Turtle_Teleport/Turtle_Teleport.egg-info/SOURCES.txt'
[1.983s] writing manifest file '../../build/Turtle_Teleport/Turtle_Teleport.egg-info/SOURCES.txt'
[1.983s] running build
[1.983s] running build_py
[1.984s] copying Turtle_Teleport/client.py -> /home/astro/IGVC-Pushed/build/Turtle_Teleport/build/lib/Turtle_Teleport
[1.985s] running install
[1.986s] running install_lib
[1.987s] copying /home/astro/IGVC-Pushed/build/Turtle_Teleport/build/lib/Turtle_Teleport/client.py -> /home/astro/IGVC-Pushed/install/Turtle_Teleport/lib/python3.10/site-packages/Turtle_Teleport
[1.988s] byte-compiling /home/astro/IGVC-Pushed/install/Turtle_Teleport/lib/python3.10/site-packages/Turtle_Teleport/client.py to client.cpython-310.pyc
[1.989s] running install_data
[1.990s] running install_egg_info
[1.993s] removing '/home/astro/IGVC-Pushed/install/Turtle_Teleport/lib/python3.10/site-packages/Turtle_Teleport-0.0.0-py3.10.egg-info' (and everything under it)
[1.994s] Copying ../../build/Turtle_Teleport/Turtle_Teleport.egg-info to /home/astro/IGVC-Pushed/install/Turtle_Teleport/lib/python3.10/site-packages/Turtle_Teleport-0.0.0-py3.10.egg-info
[1.996s] running install_scripts
[2.035s] Installing client script to /home/astro/IGVC-Pushed/install/Turtle_Teleport/lib/Turtle_Teleport
[2.036s] writing list of installed files to '/home/astro/IGVC-Pushed/build/Turtle_Teleport/install.log'
[2.090s] Invoked command in '/home/astro/IGVC-Pushed/src/Turtle_Teleport' returned '0': PYTHONPATH=/home/astro/IGVC-Pushed/build/Turtle_Teleport/prefix_override:/usr/lib/python3/dist-packages/colcon_core/task/python/colcon_distutils_commands:/home/astro/IGVC-Pushed/install/Turtle_Teleport/lib/python3.10/site-packages:${PYTHONPATH} /usr/bin/python3 -W ignore:setup.py install is deprecated -W ignore:easy_install command is deprecated setup.py egg_info --egg-base ../../build/Turtle_Teleport build --build-base /home/astro/IGVC-Pushed/build/Turtle_Teleport/build install --record /home/astro/IGVC-Pushed/build/Turtle_Teleport/install.log --single-version-externally-managed install_data
